2025-12-29 10:55:22 [ERROR] neira-test: value error test
Traceback (most recent call last):
  File "<stdin>", line 21, in <module>
ValueError: value test
